<?xml version="1.0" encoding="UTF-8"?>
<testng-results ignored="0" total="1" passed="1" failed="0" skipped="0">
  <reporter-output>
  </reporter-output>
  <suite started-at="2021-09-25T06:59:40 BST" name="Default suite" finished-at="2021-09-25T06:59:48 BST" duration-ms="8069">
    <groups>
    </groups>
    <test started-at="2021-09-25T06:59:40 BST" name="Default test" finished-at="2021-09-25T06:59:48 BST" duration-ms="8069">
      <class name="suresh_rocks_pckg.surech_hero_rocks">
        <test-method signature="syso()[pri:0, instance:suresh_rocks_pckg.surech_hero_rocks@76508ed1]" started-at="2021-09-25T06:59:40 BST" name="syso" finished-at="2021-09-25T06:59:48 BST" duration-ms="8028" status="PASS">
          <reporter-output>
          </reporter-output>
        </test-method> <!-- syso -->
      </class> <!-- suresh_rocks_pckg.surech_hero_rocks -->
    </test> <!-- Default test -->
  </suite> <!-- Default suite -->
</testng-results>
